2025-11-24 21:01:07 - __main__ - INFO - Starting ActiveMQ Manager
2025-11-24 21:01:09 - amq_manager.ui.app - INFO - Refreshed 52 queues
2025-11-24 21:01:17 - __main__ - INFO - ActiveMQ Manager stopped
2025-11-24 21:02:06 - __main__ - INFO - Starting ActiveMQ Manager
2025-11-24 21:02:08 - amq_manager.ui.app - INFO - Refreshed 52 queues
2025-11-24 21:02:14 - __main__ - INFO - ActiveMQ Manager stopped
2025-11-24 21:02:16 - __main__ - INFO - Starting ActiveMQ Manager
2025-11-24 21:02:19 - amq_manager.ui.app - ERROR - Error refreshing queues: Expecting value: line 1 column 1 (char 0)
2025-11-24 21:03:08 - __main__ - INFO - ActiveMQ Manager stopped
2025-11-24 21:03:12 - __main__ - INFO - Starting ActiveMQ Manager
2025-11-24 21:04:19 - __main__ - INFO - ActiveMQ Manager stopped
2025-11-24 21:05:24 - __main__ - INFO - Starting ActiveMQ Manager
2025-11-24 21:05:28 - amq_manager.client - ERROR - Failed to decode JSON. Response content: <!--
  Licensed to the Apache Software Foundation (ASF) under one or more
  contributor license agreements.  See the NOTICE file distributed with
  this work for additional information regarding copyright ownership.
  The ASF licenses this file to You under the Apache License, Version 2.0
  (the "License"); you may not use this file except in compliance with
  the License.  You may obtain a copy of the License at
  
  http://www.apache.org/licenses/LICENSE-2.0
  
  Unless required by applicable law or agreed to in writing, software
  distributed under the License is distributed on an "AS IS" BASIS,
  WITHOUT WARRANTIES OR CONDITIONS OF ANY KIND, either express or implied.
  See the License for the specific language governing permissions and
  limitations under the License.
-->
 
 
 
 
 
 
<!DOCTYPE html PUBLIC "-//W3C//DTD XHTML 1.0 Transitional//EN" "http://www.w3.org/TR/xhtml1/DTD/xhtml1-transitional.dtd"> 
 
<!DOCTYPE html PUBLIC "-//W3C//DTD HTML 4.01 Transitional//EN" "http://www.
2025-11-24 21:05:28 - amq_manager.ui.app - ERROR - Error refreshing queues: Invalid JSON response from server. Check logs for details. Error: Expecting value: line 1 column 1 (char 0)
2025-11-24 21:08:36 - __main__ - INFO - ActiveMQ Manager stopped
2025-11-24 21:08:38 - __main__ - INFO - Starting ActiveMQ Manager
2025-11-24 21:08:41 - amq_manager.client - ERROR - Failed to decode JSON. Response content: <!--
  Licensed to the Apache Software Foundation (ASF) under one or more
  contributor license agreements.  See the NOTICE file distributed with
  this work for additional information regarding copyright ownership.
  The ASF licenses this file to You under the Apache License, Version 2.0
  (the "License"); you may not use this file except in compliance with
  the License.  You may obtain a copy of the License at
  
  http://www.apache.org/licenses/LICENSE-2.0
  
  Unless required by applicable law or agreed to in writing, software
  distributed under the License is distributed on an "AS IS" BASIS,
  WITHOUT WARRANTIES OR CONDITIONS OF ANY KIND, either express or implied.
  See the License for the specific language governing permissions and
  limitations under the License.
-->
 
 
 
 
 
 
<!DOCTYPE html PUBLIC "-//W3C//DTD XHTML 1.0 Transitional//EN" "http://www.w3.org/TR/xhtml1/DTD/xhtml1-transitional.dtd"> 
 
<!DOCTYPE html PUBLIC "-//W3C//DTD HTML 4.01 Transitional//EN" "http://www.
2025-11-24 21:08:41 - amq_manager.ui.app - ERROR - Error refreshing queues: Invalid JSON response from server. Check logs for details. Error: Expecting value: line 1 column 1 (char 0)
2025-11-24 21:11:56 - __main__ - INFO - ActiveMQ Manager stopped
2025-11-24 21:17:39 - __main__ - INFO - Starting ActiveMQ Manager
2025-11-24 21:17:42 - amq_manager.ui.app - INFO - Refreshed 52 queues
2025-11-24 21:21:35 - __main__ - INFO - ActiveMQ Manager stopped
2025-11-24 21:21:38 - __main__ - INFO - Starting ActiveMQ Manager
2025-11-24 21:21:39 - amq_manager.ui.app - INFO - Refreshed 52 queues
2025-11-24 21:22:00 - __main__ - INFO - ActiveMQ Manager stopped
2025-11-24 21:26:39 - __main__ - INFO - Starting ActiveMQ Manager
2025-11-24 21:26:41 - amq_manager.ui.app - INFO - Refreshed 52 queues
2025-11-24 21:29:57 - __main__ - INFO - ActiveMQ Manager stopped
2025-11-24 21:29:58 - __main__ - INFO - Starting ActiveMQ Manager
2025-11-24 21:29:59 - amq_manager.ui.app - INFO - Refreshed 52 queues
2025-11-24 21:30:42 - __main__ - INFO - ActiveMQ Manager stopped
2025-11-24 21:31:19 - __main__ - INFO - Starting ActiveMQ Manager
2025-11-24 21:31:21 - amq_manager.ui.app - INFO - Refreshed 52 queues
2025-11-24 21:31:29 - __main__ - INFO - ActiveMQ Manager stopped
2025-11-24 21:32:12 - __main__ - INFO - Starting ActiveMQ Manager
2025-11-24 21:32:14 - amq_manager.ui.app - INFO - Refreshed 52 queues
2025-11-24 21:36:43 - __main__ - INFO - ActiveMQ Manager stopped
2025-11-24 21:36:45 - __main__ - INFO - Starting ActiveMQ Manager
2025-11-24 21:36:46 - amq_manager.ui.app - INFO - Refreshed 52 queues
2025-11-24 21:37:19 - __main__ - INFO - ActiveMQ Manager stopped
2025-11-24 21:43:28 - __main__ - INFO - Starting ActiveMQ Manager
2025-11-24 21:43:30 - amq_manager.ui.app - INFO - Refreshed 52 queues
2025-11-24 21:44:01 - __main__ - INFO - ActiveMQ Manager stopped
2025-11-24 21:45:51 - __main__ - INFO - Starting ActiveMQ Manager
2025-11-24 21:45:53 - amq_manager.ui.app - INFO - Refreshed 52 queues
2025-11-24 21:46:15 - __main__ - INFO - ActiveMQ Manager stopped
2025-11-24 21:48:15 - __main__ - INFO - Starting ActiveMQ Manager
2025-11-24 21:48:16 - amq_manager.ui.app - INFO - Refreshed 52 queues
2025-11-24 21:48:49 - amq_manager.ui.app - INFO - Refreshed 52 queues
2025-11-24 21:52:14 - __main__ - INFO - ActiveMQ Manager stopped
2025-11-24 21:52:17 - __main__ - INFO - Starting ActiveMQ Manager
2025-11-24 21:52:19 - amq_manager.ui.app - INFO - Refreshed 52 queues
2025-11-24 21:52:41 - amq_manager.ui.app - INFO - Refreshed 52 queues
2025-11-24 21:55:23 - __main__ - INFO - ActiveMQ Manager stopped
2025-11-24 21:55:25 - __main__ - INFO - Starting ActiveMQ Manager
2025-11-24 21:55:26 - amq_manager.ui.app - INFO - Refreshed 52 queues
2025-11-24 21:57:02 - amq_manager.ui.app - INFO - Refreshed 52 queues
2025-11-24 21:57:15 - __main__ - INFO - ActiveMQ Manager stopped
2025-11-24 21:57:16 - __main__ - INFO - Starting ActiveMQ Manager
2025-11-24 21:57:18 - amq_manager.ui.app - INFO - Refreshed 52 queues
2025-11-24 21:59:43 - __main__ - INFO - ActiveMQ Manager stopped
2025-11-24 21:59:44 - __main__ - INFO - Starting ActiveMQ Manager
2025-11-24 22:02:07 - __main__ - INFO - ActiveMQ Manager stopped
2025-11-24 22:02:08 - __main__ - INFO - Starting ActiveMQ Manager
2025-11-24 22:02:10 - amq_manager.ui.app - INFO - Refreshed 52 queues
2025-11-24 22:02:19 - amq_manager.client - ERROR - Failed to decode JSON. Response content: <!--
  Licensed to the Apache Software Foundation (ASF) under one or more
  contributor license agreements.  See the NOTICE file distributed with
  this work for additional information regarding copyright ownership.
  The ASF licenses this file to You under the Apache License, Version 2.0
  (the "License"); you may not use this file except in compliance with
  the License.  You may obtain a copy of the License at
  
  http://www.apache.org/licenses/LICENSE-2.0
  
  Unless required by applicable law or agreed to in writing, software
  distributed under the License is distributed on an "AS IS" BASIS,
  WITHOUT WARRANTIES OR CONDITIONS OF ANY KIND, either express or implied.
  See the License for the specific language governing permissions and
  limitations under the License.
-->
 
 
 
 
 
 
<!DOCTYPE html PUBLIC "-//W3C//DTD XHTML 1.0 Transitional//EN" "http://www.w3.org/TR/xhtml1/DTD/xhtml1-transitional.dtd"> 
 
<!DOCTYPE html PUBLIC "-//W3C//DTD HTML 4.01 Transitional//EN" "http://www.
2025-11-24 22:02:19 - amq_manager.ui.app - ERROR - Error refreshing queues: Invalid JSON response from server. Check logs for details. Error: Expecting value: line 1 column 1 (char 0)
2025-11-24 22:04:01 - __main__ - INFO - ActiveMQ Manager stopped
2025-11-24 22:04:02 - __main__ - INFO - Starting ActiveMQ Manager
2025-11-24 22:04:03 - amq_manager.ui.app - INFO - Refreshed 52 queues
2025-11-24 22:06:01 - __main__ - INFO - ActiveMQ Manager stopped
2025-11-24 22:06:02 - __main__ - INFO - Starting ActiveMQ Manager
2025-11-24 22:07:45 - __main__ - INFO - ActiveMQ Manager stopped
2025-11-24 22:07:46 - __main__ - INFO - Starting ActiveMQ Manager
2025-11-24 22:08:17 - __main__ - INFO - ActiveMQ Manager stopped
2025-11-24 22:08:54 - __main__ - INFO - Starting ActiveMQ Manager
2025-11-24 22:08:54 - amq_manager.ui.app - INFO - Refreshed 52 queues
2025-11-24 22:09:08 - __main__ - INFO - ActiveMQ Manager stopped
2025-11-24 22:09:11 - __main__ - INFO - Starting ActiveMQ Manager
2025-11-24 22:09:11 - amq_manager.ui.app - INFO - Refreshed 52 queues
2025-11-24 22:09:15 - amq_manager.ui.app - INFO - Refreshed 52 queues
2025-11-24 22:10:50 - __main__ - INFO - ActiveMQ Manager stopped
2025-11-24 22:10:52 - __main__ - INFO - Starting ActiveMQ Manager
2025-11-24 22:10:52 - amq_manager.ui.app - INFO - Refreshed 52 queues
2025-11-24 22:12:07 - __main__ - INFO - ActiveMQ Manager stopped
2025-11-24 22:12:09 - __main__ - INFO - Starting ActiveMQ Manager
2025-11-24 22:12:09 - amq_manager.ui.app - INFO - Refreshed 52 queues
2025-11-24 22:12:42 - __main__ - INFO - ActiveMQ Manager stopped
2025-11-24 22:12:49 - __main__ - INFO - Starting ActiveMQ Manager
2025-11-24 22:12:49 - amq_manager.ui.app - INFO - Refreshed 52 queues
2025-11-24 22:14:29 - __main__ - INFO - ActiveMQ Manager stopped
2025-11-24 22:14:31 - __main__ - INFO - Starting ActiveMQ Manager
2025-11-24 22:14:38 - __main__ - INFO - ActiveMQ Manager stopped
2025-11-24 22:14:47 - __main__ - INFO - Starting ActiveMQ Manager
2025-11-24 22:15:56 - __main__ - INFO - ActiveMQ Manager stopped
2025-11-24 22:15:57 - __main__ - INFO - Starting ActiveMQ Manager
2025-11-24 22:15:57 - amq_manager.ui.app - INFO - Refreshed 52 queues
2025-11-24 22:16:09 - __main__ - INFO - ActiveMQ Manager stopped
2025-11-24 22:16:23 - __main__ - INFO - Starting ActiveMQ Manager
2025-11-24 22:16:23 - amq_manager.ui.app - INFO - Refreshed 52 queues
2025-11-24 22:18:41 - __main__ - INFO - ActiveMQ Manager stopped
2025-11-24 22:18:44 - __main__ - INFO - Starting ActiveMQ Manager
2025-11-24 22:18:44 - amq_manager.ui.app - INFO - Refreshed 52 queues
2025-11-24 22:19:40 - __main__ - INFO - ActiveMQ Manager stopped
2025-11-24 22:21:17 - __main__ - INFO - Starting ActiveMQ Manager
2025-11-24 22:21:17 - amq_manager.ui.app - INFO - Refreshed 52 queues
2025-11-24 22:22:13 - amq_manager.ui.app - INFO - Refreshed 52 queues
2025-11-24 22:26:30 - __main__ - INFO - ActiveMQ Manager stopped
2025-11-24 22:26:32 - __main__ - INFO - Starting ActiveMQ Manager
2025-11-24 22:26:32 - amq_manager.ui.app - INFO - Refreshed 52 queues
2025-11-24 22:27:02 - amq_manager.ui.app - INFO - Refreshed 52 queues
2025-11-24 22:29:42 - __main__ - INFO - ActiveMQ Manager stopped
2025-11-24 22:29:43 - __main__ - INFO - Starting ActiveMQ Manager
2025-11-24 22:29:43 - amq_manager.ui.app - INFO - Refreshed 52 queues
2025-11-24 22:31:47 - amq_manager.ui.app - INFO - Refreshed 52 queues
2025-11-24 22:34:30 - amq_manager.ui.app - INFO - Refreshed 52 queues
2025-11-24 22:34:50 - amq_manager.ui.app - INFO - Refreshed 52 queues
2025-11-24 22:34:55 - __main__ - INFO - ActiveMQ Manager stopped
2025-11-24 22:43:07 - __main__ - INFO - Starting ActiveMQ Manager
2025-11-24 22:43:07 - amq_manager.ui.app - INFO - Refreshed 52 queues
2025-11-24 22:44:19 - __main__ - INFO - ActiveMQ Manager stopped
2025-11-24 22:47:34 - __main__ - INFO - Starting ActiveMQ Manager
2025-11-24 22:47:34 - amq_manager.ui.app - INFO - Refreshed 52 queues
2025-11-24 22:49:09 - __main__ - INFO - ActiveMQ Manager stopped
2025-11-24 22:49:11 - __main__ - INFO - Starting ActiveMQ Manager
2025-11-24 22:49:11 - amq_manager.ui.app - INFO - Refreshed 52 queues
2025-11-24 22:49:36 - __main__ - INFO - ActiveMQ Manager stopped
